<?xml version="1.0" encoding="UTF-8"?>
<testsuite name="NormalsGeneratorTest" tests="1" skipped="0" failures="0" errors="0" timestamp="2020-04-09T11:55:16" hostname="DESKTOP-4TF0MKI" time="0.011">
  <properties/>
  <testcase name="test()" classname="NormalsGeneratorTest" time="0.011"/>
  <system-out><![CDATA[]]></system-out>
  <system-err><![CDATA[]]></system-err>
</testsuite>
